<?xml version="1.0" encoding="UTF-8"?>
<!-- Generated by org.testng.reporters.JUnitReportReporter -->
<testsuite hostname="LAPTOP-3BL16AQ1" failures="0" tests="2" name="ExtentReports.ExtentReportsExample" time="12.438" errors="0" timestamp="2022-06-30T06:46:39 IST" skipped="0">
  <testcase classname="ExtentReports.ExtentReportsExample" name="launchOrangeHRM" time="3.844"/>
  <system-out/>
  <testcase classname="ExtentReports.ExtentReportsExample" name="extentReportsDemo" time="8.594"/>
  <system-out/>
</testsuite> <!-- ExtentReports.ExtentReportsExample -->
