<?xml version="1.0" encoding="UTF-8"?>
<!-- Generated by org.testng.reporters.JUnitReportReporter -->
<testsuite hostname="LAPTOP-3BL16AQ1" failures="0" tests="1" name="TestNg.TestNgExample" time="13.338" errors="0" timestamp="2022-06-24T06:50:58 IST" skipped="0">
  <testcase classname="TestNg.TestNgExample" name="enterCredentials" time="13.338"/>
  <system-out/>
</testsuite> <!-- TestNg.TestNgExample -->
