<?xml version="1.0" encoding="UTF-8"?>
<!-- Generated by org.testng.reporters.JUnitReportReporter -->
<testsuite hostname="LAPTOP-3BL16AQ1" failures="0" tests="2" name="Tests.Home" time="6.824" errors="0" timestamp="2022-06-27T07:07:19 IST" skipped="0">
  <testcase classname="Tests.Home" name="loginToApplication" time="6.563"/>
  <system-out/>
  <testcase classname="Tests.Home" name="clickWelcomePaul" time="0.261"/>
  <system-out/>
</testsuite> <!-- Tests.Home -->
