<?xml version="1.0" encoding="UTF-8"?>
<!-- Generated by org.testng.reporters.JUnitReportReporter -->
<testsuite hostname="LAPTOP-3BL16AQ1" failures="0" tests="3" name="TestNg.TestNgExample4" time="5.533" errors="0" timestamp="2022-06-24T06:55:55 IST" skipped="0">
  <testcase classname="TestNg.TestNgExample4" name="enterUserName" time="0.178"/>
  <system-out/>
  <testcase classname="TestNg.TestNgExample4" name="enterPassword" time="0.172"/>
  <system-out/>
  <testcase classname="TestNg.TestNgExample4" name="clickLoginButton" time="5.183"/>
  <system-out/>
</testsuite> <!-- TestNg.TestNgExample4 -->
