<?xml version="1.0" encoding="UTF-8"?>
<!-- Generated by org.testng.reporters.JUnitReportReporter -->
<testsuite hostname="LAPTOP-3BL16AQ1" failures="0" tests="2" name="TestNg.TestNgExample2" time="3.343" errors="0" timestamp="2022-06-24T06:50:58 IST" skipped="0">
  <testcase classname="TestNg.TestNgExample2" name="enterCredentials" time="2.128"/>
  <system-out/>
  <testcase classname="TestNg.TestNgExample2" name="clickLoginButton" time="1.215"/>
  <system-out/>
</testsuite> <!-- TestNg.TestNgExample2 -->
