<?xml version="1.0" encoding="UTF-8"?>
<!-- Generated by org.testng.reporters.JUnitReportReporter -->
<testsuite hostname="LAPTOP-3BL16AQ1" failures="0" tests="3" name="TestNg.TestNgExample6" time="5.777" errors="0" timestamp="2022-06-24T07:00:05 IST" skipped="0">
  <testcase classname="TestNg.TestNgExample6" name="enterUserName" time="0.341"/>
  <system-out/>
  <testcase classname="TestNg.TestNgExample6" name="clickLoginButton" time="5.236"/>
  <system-out/>
  <testcase classname="TestNg.TestNgExample6" name="enterPassword" time="0.200"/>
  <system-out/>
</testsuite> <!-- TestNg.TestNgExample6 -->
