<?xml version="1.0" encoding="UTF-8"?>
<!-- Generated by org.testng.reporters.JUnitReportReporter -->
<testsuite hostname="LAPTOP-3BL16AQ1" failures="0" tests="3" name="TestNg.TestNgExample5" time="6.015" errors="0" timestamp="2022-06-24T06:57:47 IST" skipped="0">
  <testcase classname="TestNg.TestNgExample5" name="clickLoginButton" time="5.581"/>
  <system-out/>
  <testcase classname="TestNg.TestNgExample5" name="enterUserName" time="0.237"/>
  <system-out/>
  <testcase classname="TestNg.TestNgExample5" name="enterPassword" time="0.197"/>
  <system-out/>
</testsuite> <!-- TestNg.TestNgExample5 -->
