<?xml version="1.0" encoding="UTF-8"?>
<!-- Generated by org.testng.reporters.JUnitReportReporter -->
<testsuite hostname="LAPTOP-3BL16AQ1" failures="0" tests="1" name="Listeners.TestNGListenersUsable" time="17.275" errors="0" timestamp="2022-06-30T07:12:44 IST" skipped="0">
  <testcase classname="Listeners.TestNGListenersUsable" name="launchOrangeHRM" time="17.275"/>
  <system-out/>
</testsuite> <!-- Listeners.TestNGListenersUsable -->
