<?xml version="1.0" encoding="UTF-8"?>
<!-- Generated by org.testng.reporters.JUnitReportReporter -->
<testsuite hostname="LAPTOP-3BL16AQ1" failures="0" tests="1" name="ExtentReports.ExtentReportsExample2" time="17.836" errors="0" timestamp="2022-06-30T06:54:00 IST" skipped="0">
  <testcase classname="ExtentReports.ExtentReportsExample2" name="launchOrangeHRM" time="17.836"/>
  <system-out/>
</testsuite> <!-- ExtentReports.ExtentReportsExample2 -->
