<?xml version="1.0" encoding="UTF-8"?>
<!-- Generated by org.testng.reporters.JUnitReportReporter -->
<testsuite hostname="LAPTOP-3BL16AQ1" failures="0" tests="1" name="TestNg.TestNg_Enable_way2" time="0.374" errors="0" timestamp="2022-06-25T06:27:50 IST" skipped="0">
  <testcase classname="TestNg.TestNg_Enable_way2" name="EnterField1" time="0.374"/>
  <system-out/>
</testsuite> <!-- TestNg.TestNg_Enable_way2 -->
