<?xml version="1.0" encoding="UTF-8"?>
<!-- Generated by org.testng.reporters.JUnitReportReporter -->
<testsuite hostname="LAPTOP-3BL16AQ1" failures="0" tests="2" name="Tests.ForgotPassword" time="2.237" errors="0" timestamp="2022-06-27T06:43:36 IST" skipped="0">
  <testcase classname="Tests.ForgotPassword" name="clickForgotPasswordLink" time="1.090"/>
  <system-out/>
  <testcase classname="Tests.ForgotPassword" name="enterDetails" time="1.147"/>
  <system-out/>
</testsuite> <!-- Tests.ForgotPassword -->
