<?xml version="1.0" encoding="UTF-8"?>
<!-- Generated by org.testng.reporters.JUnitReportReporter -->
<testsuite hostname="LAPTOP-3BL16AQ1" failures="0" tests="5" name="TestNg.TestNgExample3" time="1.187" errors="0" timestamp="2022-06-24T06:52:13 IST" skipped="0">
  <testcase classname="TestNg.TestNgExample3" name="enterCredentials" time="0.294"/>
  <system-out/>
  <testcase classname="TestNg.TestNgExample3" name="enterCredentials" time="0.226"/>
  <system-out/>
  <testcase classname="TestNg.TestNgExample3" name="enterCredentials" time="0.302"/>
  <system-out/>
  <testcase classname="TestNg.TestNgExample3" name="clickLoginButton" time="0.144"/>
  <system-out/>
  <testcase classname="TestNg.TestNgExample3" name="enterCredentials" time="0.221"/>
  <system-out/>
</testsuite> <!-- TestNg.TestNgExample3 -->
