<?xml version="1.0" encoding="UTF-8"?>
<!-- Generated by org.testng.reporters.JUnitReportReporter -->
<testsuite hostname="LAPTOP-3BL16AQ1" failures="0" tests="2" name="TestNg.TestNg_Enable" time="0.617" errors="0" timestamp="2022-06-25T06:24:09 IST" skipped="1">
  <testcase classname="TestNg.TestNg_Enable" name="EnterField1" time="0.617"/>
  <system-out/>
  <testcase classname="TestNg.TestNg_Enable" name="EnterField2">
    <skipped/>
  </testcase> <!-- EnterField2 -->
  <system-out/>
</testsuite> <!-- TestNg.TestNg_Enable -->
