<?xml version="1.0" encoding="UTF-8"?>
<!-- Generated by org.testng.reporters.JUnitReportReporter -->
<testsuite hostname="LAPTOP-3BL16AQ1" failures="0" tests="3" name="TestNg.TestNg_DataProviders" time="1.046" errors="0" timestamp="2022-06-25T06:35:26 IST" skipped="0">
  <testcase classname="TestNg.TestNg_DataProviders" name="enterCredentials" time="0.453"/>
  <system-out/>
  <testcase classname="TestNg.TestNg_DataProviders" name="enterCredentials" time="0.230"/>
  <system-out/>
  <testcase classname="TestNg.TestNg_DataProviders" name="enterCredentials" time="0.363"/>
  <system-out/>
</testsuite> <!-- TestNg.TestNg_DataProviders -->
