<?xml version="1.0" encoding="UTF-8"?>
<!-- Generated by org.testng.reporters.JUnitReportReporter -->
<testsuite hostname="LAPTOP-3BL16AQ1" failures="0" tests="1" name="Tests.Login" time="5.745" errors="0" timestamp="2022-06-27T06:40:31 IST" skipped="0">
  <testcase classname="Tests.Login" name="loginToApplication" time="5.745"/>
  <system-out/>
</testsuite> <!-- Tests.Login -->
