<?xml version="1.0" encoding="UTF-8"?>
<!-- Generated by org.testng.reporters.JUnitReportReporter -->
<testsuite hostname="LAPTOP-3BL16AQ1" failures="0" tests="3" name="Tests.LoginAndLogout" time="7.825" errors="0" timestamp="2022-06-27T07:10:10 IST" skipped="0">
  <testcase classname="Tests.LoginAndLogout" name="loginToApplication" time="4.795"/>
  <system-out/>
  <testcase classname="Tests.LoginAndLogout" name="clickWelcomePaul" time="1.693"/>
  <system-out/>
  <testcase classname="Tests.LoginAndLogout" name="clickLogout" time="1.337"/>
  <system-out/>
</testsuite> <!-- Tests.LoginAndLogout -->
